Arguments: 
  /home/nthyen3/.nvm/versions/node/v18.12.1/bin/node /usr/share/yarn/bin/yarn.js add @hookform/resolvers/yup

PATH: 
  /home/nthyen3/.nvm/versions/node/v18.12.1/bin:/usr/local/sbin:/usr/local/bin:/usr/sbin:/usr/bin:/sbin:/bin:/usr/games:/usr/local/games:/snap/bin

Yarn version: 
  1.22.19

Node version: 
  18.12.1

Platform: 
  linux x64

Trace: 
  Error: https://registry.yarnpkg.com/@hookform%2fresolvers/yup: Request "https://registry.yarnpkg.com/@hookform%2fresolvers/yup" returned a 405
      at params.callback [as _callback] (/usr/share/yarn/lib/cli.js:66154:18)
      at self.callback (/usr/share/yarn/lib/cli.js:140890:22)
      at Request.emit (node:events:513:28)
      at Request.<anonymous> (/usr/share/yarn/lib/cli.js:141862:10)
      at Request.emit (node:events:513:28)
      at IncomingMessage.<anonymous> (/usr/share/yarn/lib/cli.js:141784:12)
      at Object.onceWrapper (node:events:627:28)
      at IncomingMessage.emit (node:events:525:35)
      at endReadableNT (node:internal/streams/readable:1359:12)
      at process.processTicksAndRejections (node:internal/process/task_queues:82:21)

npm manifest: 
  {
    "name": "next-learn",
    "version": "0.1.0",
    "private": true,
    "scripts": {
      "dev": "next dev",
      "build": "next build",
      "start": "next start",
      "lint": "next lint"
    },
    "dependencies": {
      "@prisma/client": "^4.6.1",
      "@types/node": "18.11.9",
      "@types/react": "18.0.25",
      "@types/react-dom": "18.0.9",
      "antd": "^4.24.2",
      "eslint": "8.27.0",
      "eslint-config-next": "13.0.3",
      "next": "13.0.3",
      "react": "18.2.0",
      "react-dom": "18.2.0",
      "typescript": "4.8.4",
      "yub": "^0.11.1",
      "yup": "^0.32.11"
    },
    "devDependencies": {
      "autoprefixer": "^10.4.13",
      "postcss": "^8.4.19",
      "prisma": "^4.6.1",
      "tailwindcss": "^3.2.4"
    }
  }

yarn manifest: 
  No manifest

Lockfile: 
  No lockfile
